[2021-08-03 07:32:15] app.INFO: Protect vendor folder in module contactform [] []
[2021-08-03 07:32:15] app.INFO: Module contactform has no vendor folder [] []
[2021-08-03 07:32:15] app.INFO: Protect vendor folder in module dashactivity [] []
[2021-08-03 07:32:15] app.INFO: Module dashactivity has no vendor folder [] []
[2021-08-03 07:32:15] app.INFO: Protect vendor folder in module dashgoals [] []
[2021-08-03 07:32:15] app.INFO: Module dashgoals has no vendor folder [] []
[2021-08-03 07:32:15] app.INFO: Protect vendor folder in module dashproducts [] []
[2021-08-03 07:32:15] app.INFO: Module dashproducts has no vendor folder [] []
[2021-08-03 07:32:15] app.INFO: Protect vendor folder in module dashtrends [] []
[2021-08-03 07:32:15] app.INFO: Module dashtrends has no vendor folder [] []
[2021-08-03 07:32:15] app.INFO: Protect vendor folder in module graphnvd3 [] []
[2021-08-03 07:32:15] app.INFO: Module graphnvd3 has no vendor folder [] []
[2021-08-03 07:32:15] app.INFO: Protect vendor folder in module gridhtml [] []
[2021-08-03 07:32:15] app.INFO: Module gridhtml has no vendor folder [] []
[2021-08-03 07:32:15] app.INFO: Protect vendor folder in module gsitemap [] []
[2021-08-03 07:32:15] app.INFO: Module gsitemap has no vendor folder [] []
[2021-08-03 07:32:16] app.INFO: Protect vendor folder in module pagesnotfound [] []
[2021-08-03 07:32:16] app.INFO: Module pagesnotfound has no vendor folder [] []
[2021-08-03 07:32:16] app.INFO: Protect vendor folder in module productcomments [] []
[2021-08-03 07:32:16] app.INFO: Module productcomments has no vendor folder [] []
[2021-08-03 07:32:16] app.INFO: Protect vendor folder in module ps_banner [] []
[2021-08-03 07:32:16] app.INFO: Module ps_banner has no vendor folder [] []
[2021-08-03 07:32:16] app.INFO: Protect vendor folder in module ps_categorytree [] []
[2021-08-03 07:32:16] app.INFO: Module ps_categorytree has no vendor folder [] []
[2021-08-03 07:32:16] app.INFO: Protect vendor folder in module ps_checkpayment [] []
[2021-08-03 07:32:16] app.INFO: Module ps_checkpayment has no vendor folder [] []
[2021-08-03 07:32:16] app.INFO: Protect vendor folder in module ps_contactinfo [] []
[2021-08-03 07:32:16] app.INFO: Module ps_contactinfo has no vendor folder [] []
[2021-08-03 07:32:16] app.INFO: Protect vendor folder in module ps_crossselling [] []
[2021-08-03 07:32:16] app.INFO: Module ps_crossselling has no vendor folder [] []
[2021-08-03 07:32:16] app.INFO: Protect vendor folder in module ps_currencyselector [] []
[2021-08-03 07:32:16] app.INFO: Module ps_currencyselector has no vendor folder [] []
[2021-08-03 07:32:16] app.INFO: Protect vendor folder in module ps_customeraccountlinks [] []
[2021-08-03 07:32:16] app.INFO: Module ps_customeraccountlinks has no vendor folder [] []
[2021-08-03 07:32:16] app.INFO: Protect vendor folder in module ps_customersignin [] []
[2021-08-03 07:32:16] app.INFO: Module ps_customersignin has no vendor folder [] []
[2021-08-03 07:32:16] app.INFO: Protect vendor folder in module ps_customtext [] []
[2021-08-03 07:32:16] app.INFO: Module ps_customtext has no vendor folder [] []
[2021-08-03 07:32:17] app.INFO: Protect vendor folder in module ps_dataprivacy [] []
[2021-08-03 07:32:17] app.INFO: Module ps_dataprivacy has no vendor folder [] []
[2021-08-03 07:32:17] app.INFO: Protect vendor folder in module ps_emailsubscription [] []
[2021-08-03 07:32:17] app.INFO: Module ps_emailsubscription has no vendor folder [] []
[2021-08-03 07:32:17] app.INFO: Protect vendor folder in module ps_facetedsearch [] []
[2021-08-03 07:32:17] app.INFO: Module ps_facetedsearch has no vendor folder [] []
[2021-08-03 07:32:18] app.INFO: Protect vendor folder in module ps_faviconnotificationbo [] []
[2021-08-03 07:32:18] app.INFO: Module ps_faviconnotificationbo has no vendor folder [] []
[2021-08-03 07:32:18] app.INFO: Protect vendor folder in module ps_featuredproducts [] []
[2021-08-03 07:32:18] app.INFO: Module ps_featuredproducts has no vendor folder [] []
[2021-08-03 07:32:18] app.INFO: Protect vendor folder in module ps_imageslider [] []
[2021-08-03 07:32:18] app.INFO: Module ps_imageslider has no vendor folder [] []
[2021-08-03 07:32:18] app.INFO: Protect vendor folder in module ps_languageselector [] []
[2021-08-03 07:32:18] app.INFO: Module ps_languageselector has no vendor folder [] []
[2021-08-03 07:32:18] app.INFO: Protect vendor folder in module ps_linklist [] []
[2021-08-03 07:32:18] app.INFO: Module ps_linklist has no vendor folder [] []
[2021-08-03 07:32:18] app.ERROR: Cannot register tab "AdminLinkWidget" because it already exists [] []
[2021-08-03 07:32:18] app.INFO: Protect vendor folder in module ps_mainmenu [] []
[2021-08-03 07:32:18] app.INFO: Module ps_mainmenu has no vendor folder [] []
[2021-08-03 07:32:18] app.INFO: Protect vendor folder in module ps_searchbar [] []
[2021-08-03 07:32:18] app.INFO: Module ps_searchbar has no vendor folder [] []
[2021-08-03 07:32:18] app.INFO: Protect vendor folder in module ps_sharebuttons [] []
[2021-08-03 07:32:18] app.INFO: Module ps_sharebuttons has no vendor folder [] []
[2021-08-03 07:32:18] app.INFO: Protect vendor folder in module ps_shoppingcart [] []
[2021-08-03 07:32:18] app.INFO: Module ps_shoppingcart has no vendor folder [] []
[2021-08-03 07:32:18] app.INFO: Protect vendor folder in module ps_socialfollow [] []
[2021-08-03 07:32:18] app.INFO: Module ps_socialfollow has no vendor folder [] []
[2021-08-03 07:32:19] app.INFO: Protect vendor folder in module ps_themecusto [] []
[2021-08-03 07:32:19] app.INFO: Module ps_themecusto has no vendor folder [] []
[2021-08-03 07:32:19] app.INFO: Protect vendor folder in module ps_wirepayment [] []
[2021-08-03 07:32:19] app.INFO: Module ps_wirepayment has no vendor folder [] []
[2021-08-03 07:32:19] app.INFO: Protect vendor folder in module sekeywords [] []
[2021-08-03 07:32:19] app.INFO: Module sekeywords has no vendor folder [] []
[2021-08-03 07:32:19] app.INFO: Protect vendor folder in module statsbestcategories [] []
[2021-08-03 07:32:19] app.INFO: Module statsbestcategories has no vendor folder [] []
[2021-08-03 07:32:19] app.INFO: Protect vendor folder in module statsbestcustomers [] []
[2021-08-03 07:32:19] app.INFO: Module statsbestcustomers has no vendor folder [] []
[2021-08-03 07:32:19] app.INFO: Protect vendor folder in module statsbestproducts [] []
[2021-08-03 07:32:19] app.INFO: Module statsbestproducts has no vendor folder [] []
[2021-08-03 07:32:19] app.INFO: Protect vendor folder in module statsbestsuppliers [] []
[2021-08-03 07:32:19] app.INFO: Module statsbestsuppliers has no vendor folder [] []
[2021-08-03 07:32:19] app.INFO: Protect vendor folder in module statsbestvouchers [] []
[2021-08-03 07:32:19] app.INFO: Module statsbestvouchers has no vendor folder [] []
[2021-08-03 07:32:19] app.INFO: Protect vendor folder in module statscarrier [] []
[2021-08-03 07:32:19] app.INFO: Module statscarrier has no vendor folder [] []
[2021-08-03 07:32:19] app.INFO: Protect vendor folder in module statscatalog [] []
[2021-08-03 07:32:19] app.INFO: Module statscatalog has no vendor folder [] []
[2021-08-03 07:32:19] app.INFO: Protect vendor folder in module statscheckup [] []
[2021-08-03 07:32:19] app.INFO: Module statscheckup has no vendor folder [] []
[2021-08-03 07:32:19] app.INFO: Protect vendor folder in module statsdata [] []
[2021-08-03 07:32:19] app.INFO: Module statsdata has no vendor folder [] []
[2021-08-03 07:32:19] app.INFO: Protect vendor folder in module statsequipment [] []
[2021-08-03 07:32:19] app.INFO: Module statsequipment has no vendor folder [] []
[2021-08-03 07:32:19] app.INFO: Protect vendor folder in module statsforecast [] []
[2021-08-03 07:32:19] app.INFO: Module statsforecast has no vendor folder [] []
[2021-08-03 07:32:19] app.INFO: Protect vendor folder in module statslive [] []
[2021-08-03 07:32:19] app.INFO: Module statslive has no vendor folder [] []
[2021-08-03 07:32:19] app.INFO: Protect vendor folder in module statsnewsletter [] []
[2021-08-03 07:32:19] app.INFO: Module statsnewsletter has no vendor folder [] []
[2021-08-03 07:32:19] app.INFO: Protect vendor folder in module statsorigin [] []
[2021-08-03 07:32:19] app.INFO: Module statsorigin has no vendor folder [] []
[2021-08-03 07:32:19] app.INFO: Protect vendor folder in module statspersonalinfos [] []
[2021-08-03 07:32:19] app.INFO: Module statspersonalinfos has no vendor folder [] []
[2021-08-03 07:32:19] app.INFO: Protect vendor folder in module statsproduct [] []
[2021-08-03 07:32:19] app.INFO: Module statsproduct has no vendor folder [] []
[2021-08-03 07:32:19] app.INFO: Protect vendor folder in module statsregistrations [] []
[2021-08-03 07:32:19] app.INFO: Module statsregistrations has no vendor folder [] []
[2021-08-03 07:32:19] app.INFO: Protect vendor folder in module statssales [] []
[2021-08-03 07:32:19] app.INFO: Module statssales has no vendor folder [] []
[2021-08-03 07:32:19] app.INFO: Protect vendor folder in module statssearch [] []
[2021-08-03 07:32:19] app.INFO: Module statssearch has no vendor folder [] []
[2021-08-03 07:32:19] app.INFO: Protect vendor folder in module statsstock [] []
[2021-08-03 07:32:19] app.INFO: Module statsstock has no vendor folder [] []
[2021-08-03 07:32:19] app.INFO: Protect vendor folder in module statsvisits [] []
[2021-08-03 07:32:19] app.INFO: Module statsvisits has no vendor folder [] []
[2021-08-03 07:32:19] app.INFO: Protect vendor folder in module welcome [] []
[2021-08-03 07:32:19] app.INFO: Module welcome has no vendor folder [] []
[2021-08-03 07:32:20] app.INFO: Exporting mail with theme modern for language Español (Spanish) [] []
[2021-08-03 07:32:20] app.INFO: Core output folder: C:\laragon\www\prestashop/mails [] []
[2021-08-03 07:32:20] app.INFO: Modules output folder: C:\laragon\www\prestashop/modules/ [] []
[2021-08-03 09:02:16] cache.WARNING: Failed to save key "%5BPrestaShop%5CModule%5CProductComment%5CEntity%5CProductComment%24customerName%5D%5B1%5D" (array) {"key":"%5BPrestaShop%5CModule%5CProductComment%5CEntity%5CProductComment%24customerName%5D%5B1%5D","type":"array","exception":"[object] (ErrorException(code: 0): rename(C:\\laragon\\www\\prestashop\\var\\cache\\prod\\pools\\NFclEdfj3k\\6108e9f895e5d3.26308943,C:\\laragon\\www\\prestashop\\var\\cache\\prod\\pools\\NFclEdfj3k\\E\\K\\TZ0c0esDh3LOq320ZFDQ): Acceso denegado. (code: 5) at C:\\laragon\\www\\prestashop\\vendor\\symfony\\symfony\\src\\Symfony\\Component\\Cache\\Traits\\FilesystemCommonTrait.php:93)"} []
[2021-08-03 09:02:18] request.CRITICAL: Uncaught PHP Exception Symfony\Component\Filesystem\Exception\IOException: "Cannot rename "C:\laragon\www\prestashop\var\cache\prod\appB643.tmp" to "C:\laragon\www\prestashop\var\cache\prod/appProdProjectContainerUrlMatcher.php"." at C:\laragon\www\prestashop\vendor\symfony\symfony\src\Symfony\Component\Filesystem\Filesystem.php line 289 {"exception":"[object] (Symfony\\Component\\Filesystem\\Exception\\IOException(code: 0): Cannot rename \"C:\\laragon\\www\\prestashop\\var\\cache\\prod\\appB643.tmp\" to \"C:\\laragon\\www\\prestashop\\var\\cache\\prod/appProdProjectContainerUrlMatcher.php\". at C:\\laragon\\www\\prestashop\\vendor\\symfony\\symfony\\src\\Symfony\\Component\\Filesystem\\Filesystem.php:289)"} []
[2021-08-03 09:22:46] request.CRITICAL: Uncaught PHP Exception Symfony\Component\Filesystem\Exception\IOException: "Cannot rename "C:\laragon\www\prestashop\var\cache\prod\app973B.tmp" to "C:\laragon\www\prestashop\var\cache\prod/appProdProjectContainerUrlMatcher.php"." at C:\laragon\www\prestashop\vendor\symfony\symfony\src\Symfony\Component\Filesystem\Filesystem.php line 289 {"exception":"[object] (Symfony\\Component\\Filesystem\\Exception\\IOException(code: 0): Cannot rename \"C:\\laragon\\www\\prestashop\\var\\cache\\prod\\app973B.tmp\" to \"C:\\laragon\\www\\prestashop\\var\\cache\\prod/appProdProjectContainerUrlMatcher.php\". at C:\\laragon\\www\\prestashop\\vendor\\symfony\\symfony\\src\\Symfony\\Component\\Filesystem\\Filesystem.php:289)"} []
[2021-08-03 11:23:05] request.CRITICAL: Uncaught PHP Exception Symfony\Component\Filesystem\Exception\IOException: "Cannot rename "C:\laragon\www\prestashop\var\cache\prod\appD66F.tmp" to "C:\laragon\www\prestashop\var\cache\prod/appProdProjectContainerUrlMatcher.php"." at C:\laragon\www\prestashop\vendor\symfony\symfony\src\Symfony\Component\Filesystem\Filesystem.php line 289 {"exception":"[object] (Symfony\\Component\\Filesystem\\Exception\\IOException(code: 0): Cannot rename \"C:\\laragon\\www\\prestashop\\var\\cache\\prod\\appD66F.tmp\" to \"C:\\laragon\\www\\prestashop\\var\\cache\\prod/appProdProjectContainerUrlMatcher.php\". at C:\\laragon\\www\\prestashop\\vendor\\symfony\\symfony\\src\\Symfony\\Component\\Filesystem\\Filesystem.php:289)"} []
[2021-08-03 11:25:10] request.CRITICAL: Uncaught PHP Exception Symfony\Component\Debug\Exception\FatalThrowableError: "Type error: Too few arguments to function ModuleCore::display(), 1 passed in C:\laragon\www\prestashop\modules\nieexample\nieexample.php on line 44 and at least 2 expected" at C:\laragon\www\prestashop\classes\module\Module.php line 2432 {"exception":"[object] (Symfony\\Component\\Debug\\Exception\\FatalThrowableError(code: 0): Type error: Too few arguments to function ModuleCore::display(), 1 passed in C:\\laragon\\www\\prestashop\\modules\\nieexample\\nieexample.php on line 44 and at least 2 expected at C:\\laragon\\www\\prestashop\\classes\\module\\Module.php:2432)"} []
